C:\GTOOLS\TOOLS\DC4W\DEBUG\IZUZ.LIB
C:\GTools\tools\dc4w\izuz\Debug\cl.command.1.tlog
C:\GTools\tools\dc4w\izuz\Debug\CL.read.1.tlog
C:\GTools\tools\dc4w\izuz\Debug\CL.write.1.tlog
C:\GTOOLS\TOOLS\DC4W\IZUZ\DEBUG\IZ_API.OBJ
C:\GTOOLS\TOOLS\DC4W\IZUZ\DEBUG\IZ_CRC32.OBJ
C:\GTOOLS\TOOLS\DC4W\IZUZ\DEBUG\IZ_CRCTAB.OBJ
C:\GTOOLS\TOOLS\DC4W\IZUZ\DEBUG\IZ_CRPT.OBJ
C:\GTOOLS\TOOLS\DC4W\IZUZ\DEBUG\IZ_ENVARGS.OBJ
C:\GTOOLS\TOOLS\DC4W\IZUZ\DEBUG\IZ_EXPLODE.OBJ
C:\GTOOLS\TOOLS\DC4W\IZUZ\DEBUG\IZ_EXTRACT.OBJ
C:\GTOOLS\TOOLS\DC4W\IZUZ\DEBUG\IZ_FILEIO.OBJ
C:\GTOOLS\TOOLS\DC4W\IZUZ\DEBUG\IZ_GLOBALS.OBJ
C:\GTOOLS\TOOLS\DC4W\IZUZ\DEBUG\IZ_INFLATE.OBJ
C:\GTOOLS\TOOLS\DC4W\IZUZ\DEBUG\IZ_LIST.OBJ
C:\GTOOLS\TOOLS\DC4W\IZUZ\DEBUG\IZ_MATCH.OBJ
C:\GTOOLS\TOOLS\DC4W\IZUZ\DEBUG\IZ_NT.OBJ
C:\GTOOLS\TOOLS\DC4W\IZUZ\DEBUG\IZ_PROCESS.OBJ
C:\GTOOLS\TOOLS\DC4W\IZUZ\DEBUG\IZ_TTYIO.OBJ
C:\GTOOLS\TOOLS\DC4W\IZUZ\DEBUG\IZ_UNZIP.OBJ
C:\GTOOLS\TOOLS\DC4W\IZUZ\DEBUG\IZ_WIN32.OBJ
C:\GTOOLS\TOOLS\DC4W\IZUZ\DEBUG\IZ_ZIPINFO.OBJ
C:\GTools\tools\dc4w\izuz\Debug\lib.command.1.tlog
C:\GTools\tools\dc4w\izuz\Debug\Lib-link.read.1.tlog
C:\GTools\tools\dc4w\izuz\Debug\Lib-link.write.1.tlog
C:\GTools\tools\dc4w\izuz\Debug\vc100.idb
C:\GTOOLS\TOOLS\DC4W\IZUZ\DEBUG\VC100.PDB
