C:\GTools\tools\dc4w\izuz\Release\cl.command.1.tlog
C:\GTools\tools\dc4w\izuz\Release\CL.read.1.tlog
C:\GTools\tools\dc4w\izuz\Release\CL.write.1.tlog
C:\GTOOLS\TOOLS\DC4W\IZUZ\RELEASE\IZ_API.OBJ
C:\GTOOLS\TOOLS\DC4W\IZUZ\RELEASE\IZ_CRC32.OBJ
C:\GTOOLS\TOOLS\DC4W\IZUZ\RELEASE\IZ_CRCTAB.OBJ
C:\GTOOLS\TOOLS\DC4W\IZUZ\RELEASE\IZ_CRPT.OBJ
C:\GTOOLS\TOOLS\DC4W\IZUZ\RELEASE\IZ_ENVARGS.OBJ
C:\GTOOLS\TOOLS\DC4W\IZUZ\RELEASE\IZ_EXPLODE.OBJ
C:\GTOOLS\TOOLS\DC4W\IZUZ\RELEASE\IZ_EXTRACT.OBJ
C:\GTOOLS\TOOLS\DC4W\IZUZ\RELEASE\IZ_FILEIO.OBJ
C:\GTOOLS\TOOLS\DC4W\IZUZ\RELEASE\IZ_GLOBALS.OBJ
C:\GTOOLS\TOOLS\DC4W\IZUZ\RELEASE\IZ_INFLATE.OBJ
C:\GTOOLS\TOOLS\DC4W\IZUZ\RELEASE\IZ_LIST.OBJ
C:\GTOOLS\TOOLS\DC4W\IZUZ\RELEASE\IZ_MATCH.OBJ
C:\GTOOLS\TOOLS\DC4W\IZUZ\RELEASE\IZ_NT.OBJ
C:\GTOOLS\TOOLS\DC4W\IZUZ\RELEASE\IZ_PROCESS.OBJ
C:\GTOOLS\TOOLS\DC4W\IZUZ\RELEASE\IZ_TTYIO.OBJ
C:\GTOOLS\TOOLS\DC4W\IZUZ\RELEASE\IZ_UNZIP.OBJ
C:\GTOOLS\TOOLS\DC4W\IZUZ\RELEASE\IZ_WIN32.OBJ
C:\GTOOLS\TOOLS\DC4W\IZUZ\RELEASE\IZ_ZIPINFO.OBJ
C:\GTools\tools\dc4w\izuz\Release\lib.command.1.tlog
C:\GTools\tools\dc4w\izuz\Release\Lib-link.1912.read.1.tlog
C:\GTools\tools\dc4w\izuz\Release\Lib-link.1912.write.1.tlog
C:\GTools\tools\dc4w\izuz\Release\Lib-link.read.1.tlog
C:\GTools\tools\dc4w\izuz\Release\Lib-link.write.1.tlog
C:\GTOOLS\TOOLS\DC4W\IZUZ\RELEASE\VC100.PDB
C:\GTOOLS\TOOLS\DC4W\RELEASE\IZUZ.LIB
